build/app/outputs/mapping/release/mapping.txt
# compiler: R8
# compiler_version: 1.5.64
# min_api: 16
# pg_map_id: 50e93d1
com.example.techstorm.MainActivity -> com.example.techstorm.MainActivity:
    void configureFlutterEngine(io.flutter.embedding.engine.FlutterEngine) -> b
...
com.google.android.gms.internal.measurement.zzcx -> b.b.a.a.e.e.f2:
com.google.android.gms.internal.measurement.zzcy -> b.b.a.a.e.e.g2:
    java.lang.Object zza -> b
    boolean zza() -> a
    java.lang.Object zzb() -> b
com.google.android.gms.internal.measurement.zzcz -> b.b.a.a.e.e.h2:
    java.lang.Object zza(java.lang.Object) -> a
com.google.android.gms.internal.measurement.zzd -> b.b.a.a.e.e.i2:
    android.os.Bundle zza(android.os.Bundle) -> a
com.google.android.gms.internal.measurement.zzda -> b.b.a.a.e.e.j2:
    com.google.android.gms.internal.measurement.zzdb zza(com.google.android.gms.internal.measurement.zzdb) -> a
    com.google.android.gms.internal.measurement.zzdb zza(java.lang.Object) -> a
com.google.android.gms.internal.measurement.zzdb -> b.b.a.a.e.e.k2:
    java.lang.Object zza() -> a
com.google.android.gms.internal.measurement.zzdc -> b.b.a.a.e.e.l2:
    java.lang.Object zzc -> d
    com.google.android.gms.internal.measurement.zzdb zza -> b
    boolean zzb -> c
    java.lang.Object zza() -> a
com.google.android.gms.internal.measurement.zzdd -> b.b.a.a.e.e.m2:
    java.lang.Object zzc -> d
    com.google.android.gms.internal.measurement.zzdb zza -> b
    boolean zzb -> c
    java.lang.Object zza() -> a
com.google.android.gms.internal.measurement.zzde -> b.b.a.a.e.e.n2:
    com.google.android.gms.internal.measurement.zzdh zza -> a
    java.lang.Integer zza() -> a
    void zza(java.lang.Throwable,java.lang.Throwable) -> a
com.google.android.gms.internal.measurement.zzde$zza -> b.b.a.a.e.e.n2$a:
    void zza(java.lang.Throwable,java.lang.Throwable) -> a
com.google.android.gms.internal.measurement.zzdf -> b.b.a.a.e.e.o2:
    java.lang.Object zza -> b
    java.lang.Object zza() -> a
com.google.android.gms.internal.measurement.zzdg -> b.b.a.a.e.e.p2:
    java.util.concurrent.ConcurrentHashMap zza -> a
    java.lang.ref.ReferenceQueue zzb -> b
    java.util.List zza(java.lang.Throwable,boolean) -> a
com.google.android.gms.internal.measurement.zzdh -> b.b.a.a.e.e.q2:
    void zza(java.lang.Throwable,java.lang.Throwable) -> a
com.google.android.gms.internal.measurement.zzdi -> b.b.a.a.e.e.r2:
    com.google.android.gms.internal.measurement.zzdg zza -> a
    void zza(java.lang.Throwable,java.lang.Throwable) -> a
com.google.android.gms.internal.measurement.zzdj -> b.b.a.a.e.e.s2:
    int zza -> a
com.google.android.gms.internal.measurement.zzdk -> b.b.a.a.e.e.t2:
    void zza(java.lang.Throwable,java.lang.Throwable) -> a
com.google.android.gms.internal.measurement.zzdl -> b.b.a.a.e.e.u2:
    com.google.android.gms.internal.measurement.zzdl zza(com.google.android.gms.internal.measurement.zzdm) -> a
    com.google.android.gms.internal.measurement.zzdl zza(byte[],int,int) -> a
    com.google.android.gms.internal.measurement.zzdl zza(byte[],int,int,com.google.android.gms.internal.measurement.zzer) -> a
    com.google.android.gms.internal.measurement.zzgp zza(com.google.android.gms.internal.measurement.zzgm) -> a
    com.google.android.gms.internal.measurement.zzgp zza(byte[]) -> a
    com.google.android.gms.internal.measurement.zzgp zza(byte[],com.google.android.gms.internal.measurement.zzer) -> a
com.google.android.gms.internal.measurement.zzdm -> b.b.a.a.e.e.v2:
    void zza(java.lang.Iterable,java.util.List) -> a
    void zzc(int) -> a
    com.google.android.gms.internal.measurement.zzdw zzbh() -> d
    byte[] zzbi() -> f
    int zzbj() -> g
com.google.android.gms.internal.measurement.zzdn -> b.b.a.a.e.e.w2:
com.google.android.gms.internal.measurement.zzdp -> b.b.a.a.e.e.x2:
    java.lang.Class zza -> a
    boolean zzb -> b
    java.lang.Class zza(java.lang.String) -> a
    boolean zza() -> a
    java.lang.Class zzb() -> b
com.google.android.gms.internal.measurement.zzdq -> b.b.a.a.e.e.y2:
    boolean zza -> b
    boolean zza() -> a
    void zzb() -> b
    void zzc() -> d